In file included from ../src/bufferutil.cc:15:
/home/hadi/WebstormProjects/cyclon_node_test/node_modules/nan/nan.h: In function ‘uint32_t NanUInt32OptionValue(v8::Local<v8::Object>, v8::Handle<v8::String>, uint32_t)’:
/home/hadi/WebstormProjects/cyclon_node_test/node_modules/nan/nan.h:134:43: warning: ‘uint32_t v8::Value::Uint32Value() const’ is deprecated: Use maybe version [-Wdeprecated-declarations]
       ? optionsObj->Get(opt)->Uint32Value()
                                           ^
In file included from /home/hadi/.cache/node-gyp/10.16.0/include/node/v8.h:26,
                 from ../src/bufferutil.cc:7:
/home/hadi/.cache/node-gyp/10.16.0/include/node/v8.h:2477:47: note: declared here
   V8_DEPRECATED("Use maybe version", uint32_t Uint32Value() const);
                                               ^~~~~~~~~~~
/home/hadi/.cache/node-gyp/10.16.0/include/node/v8config.h:324:3: note: in definition of macro ‘V8_DEPRECATED’
   declarator __attribute__((deprecated(message)))
   ^~~~~~~~~~
In file included from ../src/bufferutil.cc:15:
/home/hadi/WebstormProjects/cyclon_node_test/node_modules/nan/nan.h: In function ‘void NanThrowError(const char*)’:
/home/hadi/WebstormProjects/cyclon_node_test/node_modules/nan/nan.h:209:11: error: ‘ThrowException’ is not a member of ‘v8’
       v8::ThrowException(fun(v8::String::New(errmsg)));                        \
           ^~~~~~~~~~~~~~
/home/hadi/WebstormProjects/cyclon_node_test/node_modules/nan/nan.h:213:5: note: in expansion of macro ‘_NAN_THROW_ERROR’
     _NAN_THROW_ERROR(v8::Exception::Error, errmsg);
     ^~~~~~~~~~~~~~~~
/home/hadi/WebstormProjects/cyclon_node_test/node_modules/nan/nan.h:209:11: note: suggested alternative: ‘Exception’
       v8::ThrowException(fun(v8::String::New(errmsg)));                        \
           ^~~~~~~~~~~~~~
/home/hadi/WebstormProjects/cyclon_node_test/node_modules/nan/nan.h:213:5: note: in expansion of macro ‘_NAN_THROW_ERROR’
     _NAN_THROW_ERROR(v8::Exception::Error, errmsg);
     ^~~~~~~~~~~~~~~~
/home/hadi/WebstormProjects/cyclon_node_test/node_modules/nan/nan.h:209:42: error: ‘New’ is not a member of ‘v8::String’
       v8::ThrowException(fun(v8::String::New(errmsg)));                        \
                                          ^~~
/home/hadi/WebstormProjects/cyclon_node_test/node_modules/nan/nan.h:213:5: note: in expansion of macro ‘_NAN_THROW_ERROR’
     _NAN_THROW_ERROR(v8::Exception::Error, errmsg);
     ^~~~~~~~~~~~~~~~
/home/hadi/WebstormProjects/cyclon_node_test/node_modules/nan/nan.h: In function ‘void NanThrowError(v8::Handle<v8::Value>)’:
/home/hadi/WebstormProjects/cyclon_node_test/node_modules/nan/nan.h:218:9: error: ‘ThrowException’ is not a member of ‘v8’
     v8::ThrowException(error);
         ^~~~~~~~~~~~~~
/home/hadi/WebstormProjects/cyclon_node_test/node_modules/nan/nan.h:218:9: note: suggested alternative: ‘Exception’
     v8::ThrowException(error);
         ^~~~~~~~~~~~~~
         Exception
/home/hadi/WebstormProjects/cyclon_node_test/node_modules/nan/nan.h: In function ‘void NanThrowError(const char*, int)’:
/home/hadi/WebstormProjects/cyclon_node_test/node_modules/nan/nan.h:222:65: error: ‘New’ is not a member of ‘v8::String’
     v8::Local<v8::Value> err = v8::Exception::Error(v8::String::New(msg));
                                                                 ^~~
/home/hadi/WebstormProjects/cyclon_node_test/node_modules/nan/nan.h:224:26: error: ‘New’ is not a member of ‘v8::String’
     obj->Set(v8::String::New("code"), v8::Int32::New(errorNumber));
                          ^~~
/home/hadi/WebstormProjects/cyclon_node_test/node_modules/nan/nan.h:224:65: error: no matching function for call to ‘v8::Int32::New(const int&)’
     obj->Set(v8::String::New("code"), v8::Int32::New(errorNumber));
                                                                 ^
In file included from ../src/bufferutil.cc:7:
/home/hadi/.cache/node-gyp/10.16.0/include/node/v8.h:3048:25: note: candidate: ‘static v8::Local<v8::Integer> v8::Integer::New(v8::Isolate*, int32_t)’
   static Local<Integer> New(Isolate* isolate, int32_t value);
                         ^~~
/home/hadi/.cache/node-gyp/10.16.0/include/node/v8.h:3048:25: note:   candidate expects 2 arguments, 1 provided
In file included from ../src/bufferutil.cc:15:
/home/hadi/WebstormProjects/cyclon_node_test/node_modules/nan/nan.h: In function ‘void NanThrowTypeError(const char*)’:
/home/hadi/WebstormProjects/cyclon_node_test/node_modules/nan/nan.h:209:11: error: ‘ThrowException’ is not a member of ‘v8’
       v8::ThrowException(fun(v8::String::New(errmsg)));                        \
           ^~~~~~~~~~~~~~
/home/hadi/WebstormProjects/cyclon_node_test/node_modules/nan/nan.h:229:5: note: in expansion of macro ‘_NAN_THROW_ERROR’
     _NAN_THROW_ERROR(v8::Exception::TypeError, errmsg);
     ^~~~~~~~~~~~~~~~
/home/hadi/WebstormProjects/cyclon_node_test/node_modules/nan/nan.h:209:11: note: suggested alternative: ‘Exception’
       v8::ThrowException(fun(v8::String::New(errmsg)));                        \
           ^~~~~~~~~~~~~~
/home/hadi/WebstormProjects/cyclon_node_test/node_modules/nan/nan.h:229:5: note: in expansion of macro ‘_NAN_THROW_ERROR’
     _NAN_THROW_ERROR(v8::Exception::TypeError, errmsg);
     ^~~~~~~~~~~~~~~~
/home/hadi/WebstormProjects/cyclon_node_test/node_modules/nan/nan.h:209:42: error: ‘New’ is not a member of ‘v8::String’
       v8::ThrowException(fun(v8::String::New(errmsg)));                        \
                                          ^~~
/home/hadi/WebstormProjects/cyclon_node_test/node_modules/nan/nan.h:229:5: note: in expansion of macro ‘_NAN_THROW_ERROR’
     _NAN_THROW_ERROR(v8::Exception::TypeError, errmsg);
     ^~~~~~~~~~~~~~~~
/home/hadi/WebstormProjects/cyclon_node_test/node_modules/nan/nan.h: In function ‘void NanThrowRangeError(const char*)’:
/home/hadi/WebstormProjects/cyclon_node_test/node_modules/nan/nan.h:209:11: error: ‘ThrowException’ is not a member of ‘v8’
       v8::ThrowException(fun(v8::String::New(errmsg)));                        \
           ^~~~~~~~~~~~~~
/home/hadi/WebstormProjects/cyclon_node_test/node_modules/nan/nan.h:233:5: note: in expansion of macro ‘_NAN_THROW_ERROR’
     _NAN_THROW_ERROR(v8::Exception::RangeError, errmsg);
     ^~~~~~~~~~~~~~~~
/home/hadi/WebstormProjects/cyclon_node_test/node_modules/nan/nan.h:209:11: note: suggested alternative: ‘Exception’
       v8::ThrowException(fun(v8::String::New(errmsg)));                        \
           ^~~~~~~~~~~~~~
/home/hadi/WebstormProjects/cyclon_node_test/node_modules/nan/nan.h:233:5: note: in expansion of macro ‘_NAN_THROW_ERROR’
     _NAN_THROW_ERROR(v8::Exception::RangeError, errmsg);
     ^~~~~~~~~~~~~~~~
/home/hadi/WebstormProjects/cyclon_node_test/node_modules/nan/nan.h:209:42: error: ‘New’ is not a member of ‘v8::String’
       v8::ThrowException(fun(v8::String::New(errmsg)));                        \
                                          ^~~
/home/hadi/WebstormProjects/cyclon_node_test/node_modules/nan/nan.h:233:5: note: in expansion of macro ‘_NAN_THROW_ERROR’
     _NAN_THROW_ERROR(v8::Exception::RangeError, errmsg);
     ^~~~~~~~~~~~~~~~
/home/hadi/WebstormProjects/cyclon_node_test/node_modules/nan/nan.h: At global scope:
/home/hadi/WebstormProjects/cyclon_node_test/node_modules/nan/nan.h:244:13: error: ‘node::smalloc’ has not been declared
       node::smalloc::FreeCallback callback,
             ^~~~~~~
/home/hadi/WebstormProjects/cyclon_node_test/node_modules/nan/nan.h:244:35: error: expected ‘,’ or ‘...’ before ‘callback’
       node::smalloc::FreeCallback callback,
                                   ^~~~~~~~
/home/hadi/WebstormProjects/cyclon_node_test/node_modules/nan/nan.h: In function ‘v8::Local<v8::Object> NanNewBufferHandle(char*, size_t, int)’:
/home/hadi/WebstormProjects/cyclon_node_test/node_modules/nan/nan.h:246:44: error: ‘callback’ was not declared in this scope
     return node::Buffer::New(data, length, callback, hint);
                                            ^~~~~~~~
/home/hadi/WebstormProjects/cyclon_node_test/node_modules/nan/nan.h:246:44: note: suggested alternative: ‘calloc’
     return node::Buffer::New(data, length, callback, hint);
                                            ^~~~~~~~
                                            calloc
/home/hadi/WebstormProjects/cyclon_node_test/node_modules/nan/nan.h:246:54: error: ‘hint’ was not declared in this scope
     return node::Buffer::New(data, length, callback, hint);
                                                      ^~~~
/home/hadi/WebstormProjects/cyclon_node_test/node_modules/nan/nan.h:246:54: note: suggested alternative: ‘uint’
     return node::Buffer::New(data, length, callback, hint);
                                                      ^~~~
                                                      uint
/home/hadi/WebstormProjects/cyclon_node_test/node_modules/nan/nan.h: In function ‘v8::Local<v8::Object> NanNewBufferHandle(char*, uint32_t)’:
/home/hadi/WebstormProjects/cyclon_node_test/node_modules/nan/nan.h:251:40: error: no matching function for call to ‘New(char*&, uint32_t&)’
     return node::Buffer::New(data, size);
                                        ^
In file included from ../src/bufferutil.cc:9:
/home/hadi/.cache/node-gyp/10.16.0/include/node/node_buffer.h:53:40: note: candidate: ‘v8::MaybeLocal<v8::Object> node::Buffer::New(v8::Isolate*, size_t)’
 NODE_EXTERN v8::MaybeLocal<v8::Object> New(v8::Isolate* isolate, size_t length);
                                        ^~~
/home/hadi/.cache/node-gyp/10.16.0/include/node/node_buffer.h:53:40: note:   no known conversion for argument 1 from ‘char*’ to ‘v8::Isolate*’
/home/hadi/.cache/node-gyp/10.16.0/include/node/node_buffer.h:56:40: note: candidate: ‘v8::MaybeLocal<v8::Object> node::Buffer::New(v8::Isolate*, v8::Local<v8::String>, node::encoding)’
 NODE_EXTERN v8::MaybeLocal<v8::Object> New(v8::Isolate* isolate,
                                        ^~~
/home/hadi/.cache/node-gyp/10.16.0/include/node/node_buffer.h:56:40: note:   no known conversion for argument 1 from ‘char*’ to ‘v8::Isolate*’
/home/hadi/.cache/node-gyp/10.16.0/include/node/node_buffer.h:61:40: note: candidate: ‘v8::MaybeLocal<v8::Object> node::Buffer::New(v8::Isolate*, char*, size_t, node::Buffer::FreeCallback, void*)’
 NODE_EXTERN v8::MaybeLocal<v8::Object> New(v8::Isolate* isolate,
                                        ^~~
/home/hadi/.cache/node-gyp/10.16.0/include/node/node_buffer.h:61:40: note:   candidate expects 5 arguments, 2 provided
/home/hadi/.cache/node-gyp/10.16.0/include/node/node_buffer.h:68:40: note: candidate: ‘v8::MaybeLocal<v8::Object> node::Buffer::New(v8::Isolate*, char*, size_t)’
 NODE_EXTERN v8::MaybeLocal<v8::Object> New(v8::Isolate* isolate,
                                        ^~~
/home/hadi/.cache/node-gyp/10.16.0/include/node/node_buffer.h:68:40: note:   candidate expects 3 arguments, 2 provided
In file included from ../src/bufferutil.cc:15:
/home/hadi/WebstormProjects/cyclon_node_test/node_modules/nan/nan.h: In function ‘v8::Local<v8::Object> NanNewBufferHandle(uint32_t)’:
/home/hadi/WebstormProjects/cyclon_node_test/node_modules/nan/nan.h:255:34: error: no matching function for call to ‘New(uint32_t&)’
     return node::Buffer::New(size);
                                  ^
In file included from ../src/bufferutil.cc:9:
/home/hadi/.cache/node-gyp/10.16.0/include/node/node_buffer.h:53:40: note: candidate: ‘v8::MaybeLocal<v8::Object> node::Buffer::New(v8::Isolate*, size_t)’
 NODE_EXTERN v8::MaybeLocal<v8::Object> New(v8::Isolate* isolate, size_t length);
                                        ^~~
/home/hadi/.cache/node-gyp/10.16.0/include/node/node_buffer.h:53:40: note:   candidate expects 2 arguments, 1 provided
/home/hadi/.cache/node-gyp/10.16.0/include/node/node_buffer.h:56:40: note: candidate: ‘v8::MaybeLocal<v8::Object> node::Buffer::New(v8::Isolate*, v8::Local<v8::String>, node::encoding)’
 NODE_EXTERN v8::MaybeLocal<v8::Object> New(v8::Isolate* isolate,
                                        ^~~
/home/hadi/.cache/node-gyp/10.16.0/include/node/node_buffer.h:56:40: note:   candidate expects 3 arguments, 1 provided
/home/hadi/.cache/node-gyp/10.16.0/include/node/node_buffer.h:61:40: note: candidate: ‘v8::MaybeLocal<v8::Object> node::Buffer::New(v8::Isolate*, char*, size_t, node::Buffer::FreeCallback, void*)’
 NODE_EXTERN v8::MaybeLocal<v8::Object> New(v8::Isolate* isolate,
                                        ^~~
/home/hadi/.cache/node-gyp/10.16.0/include/node/node_buffer.h:61:40: note:   candidate expects 5 arguments, 1 provided
/home/hadi/.cache/node-gyp/10.16.0/include/node/node_buffer.h:68:40: note: candidate: ‘v8::MaybeLocal<v8::Object> node::Buffer::New(v8::Isolate*, char*, size_t)’
 NODE_EXTERN v8::MaybeLocal<v8::Object> New(v8::Isolate* isolate,
                                        ^~~
/home/hadi/.cache/node-gyp/10.16.0/include/node/node_buffer.h:68:40: note:   candidate expects 3 arguments, 1 provided
In file included from ../src/bufferutil.cc:15:
/home/hadi/WebstormProjects/cyclon_node_test/node_modules/nan/nan.h: In function ‘v8::Local<v8::Object> NanBufferUse(char*, uint32_t)’:
/home/hadi/WebstormProjects/cyclon_node_test/node_modules/nan/nan.h:259:26: error: ‘Use’ is not a member of ‘node::Buffer’
     return node::Buffer::Use(data, size);
                          ^~~
/home/hadi/WebstormProjects/cyclon_node_test/node_modules/nan/nan.h: In constructor ‘NanCallback::NanCallback(const v8::Local<v8::Function>&)’:
/home/hadi/WebstormProjects/cyclon_node_test/node_modules/nan/nan.h:450:49: error: no matching function for call to ‘v8::Object::New()’
     v8::Local<v8::Object> obj = v8::Object::New();
                                                 ^
In file included from ../src/bufferutil.cc:7:
/home/hadi/.cache/node-gyp/10.16.0/include/node/v8.h:3651:24: note: candidate: ‘static v8::Local<v8::Object> v8::Object::New(v8::Isolate*)’
   static Local<Object> New(Isolate* isolate);
                        ^~~
/home/hadi/.cache/node-gyp/10.16.0/include/node/v8.h:3651:24: note:   candidate expects 1 argument, 0 provided
In file included from ../src/bufferutil.cc:15:
/home/hadi/WebstormProjects/cyclon_node_test/node_modules/nan/nan.h:103:38: error: ‘NewSymbol’ is not a member of ‘v8::String’
 #define NanSymbol(value) v8::String::NewSymbol(value)
                                      ^~~~~~~~~
/home/hadi/WebstormProjects/cyclon_node_test/node_modules/nan/nan.h:451:14: note: in expansion of macro ‘NanSymbol’
     obj->Set(NanSymbol("callback"), fn);
              ^~~~~~~~~
/home/hadi/WebstormProjects/cyclon_node_test/node_modules/nan/nan.h: In destructor ‘NanCallback::~NanCallback()’:
/home/hadi/WebstormProjects/cyclon_node_test/node_modules/nan/nan.h:457:12: error: ‘class v8::Persistent<v8::Object>’ has no member named ‘Dispose’
     handle.Dispose();
            ^~~~~~~
/home/hadi/WebstormProjects/cyclon_node_test/node_modules/nan/nan.h:458:12: error: ‘class v8::Persistent<v8::Object>’ has no member named ‘Clear’
     handle.Clear();
            ^~~~~
/home/hadi/WebstormProjects/cyclon_node_test/node_modules/nan/nan.h: In member function ‘v8::Local<v8::Function> NanCallback::GetFunction()’:
/home/hadi/WebstormProjects/cyclon_node_test/node_modules/nan/nan.h:103:38: error: ‘NewSymbol’ is not a member of ‘v8::String’
 #define NanSymbol(value) v8::String::NewSymbol(value)
                                      ^~~~~~~~~
/home/hadi/WebstormProjects/cyclon_node_test/node_modules/nan/nan.h:462:46: note: in expansion of macro ‘NanSymbol’
     return NanPersistentToLocal(handle)->Get(NanSymbol("callback"))
                                              ^~~~~~~~~
/home/hadi/WebstormProjects/cyclon_node_test/node_modules/nan/nan.h:463:25: error: expected primary-expression before ‘>’ token
         .As<v8::Function>();
                         ^
/home/hadi/WebstormProjects/cyclon_node_test/node_modules/nan/nan.h:463:27: error: expected primary-expression before ‘)’ token
         .As<v8::Function>();
                           ^
/home/hadi/WebstormProjects/cyclon_node_test/node_modules/nan/nan.h: In member function ‘void NanCallback::Call(int, v8::Local<v8::Value>*)’:
/home/hadi/WebstormProjects/cyclon_node_test/node_modules/nan/nan.h:103:38: error: ‘NewSymbol’ is not a member of ‘v8::String’
 #define NanSymbol(value) v8::String::NewSymbol(value)
                                      ^~~~~~~~~
/home/hadi/WebstormProjects/cyclon_node_test/node_modules/nan/nan.h:475:12: note: in expansion of macro ‘NanSymbol’
        Get(NanSymbol("callback")).As<v8::Function>();
            ^~~~~~~~~
/home/hadi/WebstormProjects/cyclon_node_test/node_modules/nan/nan.h:475:50: error: expected primary-expression before ‘>’ token
        Get(NanSymbol("callback")).As<v8::Function>();
                                                  ^
/home/hadi/WebstormProjects/cyclon_node_test/node_modules/nan/nan.h:475:52: error: expected primary-expression before ‘)’ token
        Get(NanSymbol("callback")).As<v8::Function>();
                                                    ^
/home/hadi/WebstormProjects/cyclon_node_test/node_modules/nan/nan.h:476:18: error: no matching function for call to ‘v8::TryCatch::TryCatch()’
     v8::TryCatch try_catch;
                  ^~~~~~~~~
In file included from ../src/bufferutil.cc:7:
/home/hadi/.cache/node-gyp/10.16.0/include/node/v8.h:8536:12: note: candidate: ‘v8::TryCatch::TryCatch(v8::Isolate*)’
   explicit TryCatch(Isolate* isolate);
            ^~~~~~~~
/home/hadi/.cache/node-gyp/10.16.0/include/node/v8.h:8536:12: note:   candidate expects 1 argument, 0 provided
In file included from ../src/bufferutil.cc:15:
/home/hadi/WebstormProjects/cyclon_node_test/node_modules/nan/nan.h:477:33: error: ‘GetCurrent’ is not a member of ‘v8::Context’
     callback->Call(v8::Context::GetCurrent()->Global(), argc, argv);
                                 ^~~~~~~~~~
/home/hadi/WebstormProjects/cyclon_node_test/node_modules/nan/nan.h:479:37: warning: ‘void node::FatalException(const v8::TryCatch&)’ is deprecated: Use FatalException(isolate, ...) [-Wdeprecated-declarations]
       node::FatalException(try_catch);
                                     ^
In file included from ../src/bufferutil.cc:8:
/home/hadi/.cache/node-gyp/10.16.0/include/node/node.h:437:29: note: declared here
                 inline void FatalException(const v8::TryCatch& try_catch) {
                             ^~~~~~~~~~~~~~
/home/hadi/.cache/node-gyp/10.16.0/include/node/node.h:91:42: note: in definition of macro ‘NODE_DEPRECATED’
     __attribute__((deprecated(message))) declarator
                                          ^~~~~~~~~~
In file included from ../src/bufferutil.cc:15:
/home/hadi/WebstormProjects/cyclon_node_test/node_modules/nan/nan.h:479:37: warning: ‘void node::FatalException(const v8::TryCatch&)’ is deprecated: Use FatalException(isolate, ...) [-Wdeprecated-declarations]
       node::FatalException(try_catch);
                                     ^
In file included from ../src/bufferutil.cc:8:
/home/hadi/.cache/node-gyp/10.16.0/include/node/node.h:437:29: note: declared here
                 inline void FatalException(const v8::TryCatch& try_catch) {
                             ^~~~~~~~~~~~~~
/home/hadi/.cache/node-gyp/10.16.0/include/node/node.h:91:42: note: in definition of macro ‘NODE_DEPRECATED’
     __attribute__((deprecated(message))) declarator
                                          ^~~~~~~~~~
In file included from ../src/bufferutil.cc:15:
/home/hadi/WebstormProjects/cyclon_node_test/node_modules/nan/nan.h: At global scope:
/home/hadi/WebstormProjects/cyclon_node_test/node_modules/nan/nan.h:518:3: error: ‘uv_work_t’ does not name a type; did you mean ‘uv_loop_s’?
   uv_work_t request;
   ^~~~~~~~~
   uv_loop_s
/home/hadi/WebstormProjects/cyclon_node_test/node_modules/nan/nan.h: In constructor ‘NanAsyncWorker::NanAsyncWorker(NanCallback*)’:
/home/hadi/WebstormProjects/cyclon_node_test/node_modules/nan/nan.h:490:5: error: ‘request’ was not declared in this scope
     request.data = this;
     ^~~~~~~
/home/hadi/WebstormProjects/cyclon_node_test/node_modules/nan/nan.h: In member function ‘void NanAsyncWorker::SavePersistent(const char*, v8::Local<v8::Object>&)’:
/home/hadi/WebstormProjects/cyclon_node_test/node_modules/nan/nan.h:103:38: error: ‘NewSymbol’ is not a member of ‘v8::String’
 #define NanSymbol(value) v8::String::NewSymbol(value)
                                      ^~~~~~~~~
/home/hadi/WebstormProjects/cyclon_node_test/node_modules/nan/nan.h:529:17: note: in expansion of macro ‘NanSymbol’
     handle->Set(NanSymbol(key), obj);
                 ^~~~~~~~~
/home/hadi/WebstormProjects/cyclon_node_test/node_modules/nan/nan.h: In member function ‘v8::Local<v8::Object> NanAsyncWorker::GetFromPersistent(const char*)’:
/home/hadi/WebstormProjects/cyclon_node_test/node_modules/nan/nan.h:103:38: error: ‘NewSymbol’ is not a member of ‘v8::String’
 #define NanSymbol(value) v8::String::NewSymbol(value)
                                      ^~~~~~~~~
/home/hadi/WebstormProjects/cyclon_node_test/node_modules/nan/nan.h:536:24: note: in expansion of macro ‘NanSymbol’
     return handle->Get(NanSymbol(key)).As<v8::Object>();
                        ^~~~~~~~~
/home/hadi/WebstormProjects/cyclon_node_test/node_modules/nan/nan.h:536:53: error: expected primary-expression before ‘>’ token
     return handle->Get(NanSymbol(key)).As<v8::Object>();
                                                     ^
/home/hadi/WebstormProjects/cyclon_node_test/node_modules/nan/nan.h:536:55: error: expected primary-expression before ‘)’ token
     return handle->Get(NanSymbol(key)).As<v8::Object>();
                                                       ^
/home/hadi/WebstormProjects/cyclon_node_test/node_modules/nan/nan.h: In member function ‘virtual void NanAsyncWorker::HandleErrorCallback()’:
/home/hadi/WebstormProjects/cyclon_node_test/node_modules/nan/nan.h:549:42: error: ‘New’ is not a member of ‘v8::String’
         v8::Exception::Error(v8::String::New(errmsg))
                                          ^~~
/home/hadi/WebstormProjects/cyclon_node_test/node_modules/nan/nan.h: At global scope:
/home/hadi/WebstormProjects/cyclon_node_test/node_modules/nan/nan.h:555:30: error: variable or field ‘NanAsyncExecute’ declared void
 inline void NanAsyncExecute (uv_work_t* req) {
                              ^~~~~~~~~
/home/hadi/WebstormProjects/cyclon_node_test/node_modules/nan/nan.h:555:30: error: ‘uv_work_t’ was not declared in this scope
/home/hadi/WebstormProjects/cyclon_node_test/node_modules/nan/nan.h:555:30: note: suggested alternative: ‘uv_loop_s’
 inline void NanAsyncExecute (uv_work_t* req) {
                              ^~~~~~~~~
                              uv_loop_s
/home/hadi/WebstormProjects/cyclon_node_test/node_modules/nan/nan.h:555:41: error: ‘req’ was not declared in this scope
 inline void NanAsyncExecute (uv_work_t* req) {
                                         ^~~
/home/hadi/WebstormProjects/cyclon_node_test/node_modules/nan/nan.h:555:41: note: suggested alternative: ‘free’
 inline void NanAsyncExecute (uv_work_t* req) {
                                         ^~~
                                         free
/home/hadi/WebstormProjects/cyclon_node_test/node_modules/nan/nan.h:560:38: error: variable or field ‘NanAsyncExecuteComplete’ declared void
 inline void NanAsyncExecuteComplete (uv_work_t* req) {
                                      ^~~~~~~~~
/home/hadi/WebstormProjects/cyclon_node_test/node_modules/nan/nan.h:560:38: error: ‘uv_work_t’ was not declared in this scope
/home/hadi/WebstormProjects/cyclon_node_test/node_modules/nan/nan.h:560:38: note: suggested alternative: ‘uv_loop_s’
 inline void NanAsyncExecuteComplete (uv_work_t* req) {
                                      ^~~~~~~~~
                                      uv_loop_s
/home/hadi/WebstormProjects/cyclon_node_test/node_modules/nan/nan.h:560:49: error: ‘req’ was not declared in this scope
 inline void NanAsyncExecuteComplete (uv_work_t* req) {
                                                 ^~~
/home/hadi/WebstormProjects/cyclon_node_test/node_modules/nan/nan.h:560:49: note: suggested alternative: ‘free’
 inline void NanAsyncExecuteComplete (uv_work_t* req) {
                                                 ^~~
                                                 free
/home/hadi/WebstormProjects/cyclon_node_test/node_modules/nan/nan.h: In function ‘void NanAsyncQueueWorker(NanAsyncWorker*)’:
/home/hadi/WebstormProjects/cyclon_node_test/node_modules/nan/nan.h:568:7: error: ‘uv_default_loop’ was not declared in this scope
       uv_default_loop()
       ^~~~~~~~~~~~~~~
/home/hadi/WebstormProjects/cyclon_node_test/node_modules/nan/nan.h:569:16: error: ‘class NanAsyncWorker’ has no member named ‘request’
     , &worker->request
                ^~~~~~~
/home/hadi/WebstormProjects/cyclon_node_test/node_modules/nan/nan.h:570:7: error: ‘NanAsyncExecute’ was not declared in this scope
     , NanAsyncExecute
       ^~~~~~~~~~~~~~~
/home/hadi/WebstormProjects/cyclon_node_test/node_modules/nan/nan.h:570:7: note: suggested alternative: ‘NanAsyncWorker’
     , NanAsyncExecute
       ^~~~~~~~~~~~~~~
       NanAsyncWorker
/home/hadi/WebstormProjects/cyclon_node_test/node_modules/nan/nan.h:571:8: error: ‘uv_after_work_cb’ was not declared in this scope
     , (uv_after_work_cb)NanAsyncExecuteComplete
        ^~~~~~~~~~~~~~~~
/home/hadi/WebstormProjects/cyclon_node_test/node_modules/nan/nan.h:567:3: error: ‘uv_queue_work’ was not declared in this scope
   uv_queue_work(
   ^~~~~~~~~~~~~
/home/hadi/WebstormProjects/cyclon_node_test/node_modules/nan/nan.h: In function ‘bool _NanGetExternalParts(v8::Handle<v8::Value>, const char**, size_t*)’:
/home/hadi/WebstormProjects/cyclon_node_test/node_modules/nan/nan.h:716:78: error: no matching function for call to ‘v8::Local<v8::String>::New(v8::Local<v8::String>)’
   v8::Local<v8::String> str = v8::Local<v8::String>::New(val.As<v8::String>());
                                                                              ^
In file included from ../src/bufferutil.cc:7:
/home/hadi/.cache/node-gyp/10.16.0/include/node/v8.h:301:29: note: candidate: ‘static v8::Local<T> v8::Local<T>::New(v8::Isolate*, v8::Local<T>) [with T = v8::String]’
   V8_INLINE static Local<T> New(Isolate* isolate, Local<T> that);
                             ^~~
/home/hadi/.cache/node-gyp/10.16.0/include/node/v8.h:301:29: note:   candidate expects 2 arguments, 1 provided
/home/hadi/.cache/node-gyp/10.16.0/include/node/v8.h:302:29: note: candidate: ‘static v8::Local<T> v8::Local<T>::New(v8::Isolate*, const v8::PersistentBase<T>&) [with T = v8::String]’
   V8_INLINE static Local<T> New(Isolate* isolate,
                             ^~~
/home/hadi/.cache/node-gyp/10.16.0/include/node/v8.h:302:29: note:   candidate expects 2 arguments, 1 provided
/home/hadi/.cache/node-gyp/10.16.0/include/node/v8.h:334:29: note: candidate: ‘static v8::Local<T> v8::Local<T>::New(v8::Isolate*, T*) [with T = v8::String]’
   V8_INLINE static Local<T> New(Isolate* isolate, T* that);
                             ^~~
/home/hadi/.cache/node-gyp/10.16.0/include/node/v8.h:334:29: note:   candidate expects 2 arguments, 1 provided
In file included from ../src/bufferutil.cc:15:
/home/hadi/WebstormProjects/cyclon_node_test/node_modules/nan/nan.h:718:12: error: ‘class v8::String’ has no member named ‘IsExternalAscii’; did you mean ‘IsExternal’?
   if (str->IsExternalAscii()) {
            ^~~~~~~~~~~~~~~
            IsExternal
/home/hadi/WebstormProjects/cyclon_node_test/node_modules/nan/nan.h:719:23: error: ‘ExternalAsciiStringResource’ in ‘class v8::String’ does not name a type
     const v8::String::ExternalAsciiStringResource* ext;
                       ^~~~~~~~~~~~~~~~~~~~~~~~~~~
/home/hadi/WebstormProjects/cyclon_node_test/node_modules/nan/nan.h:720:5: error: ‘ext’ was not declared in this scope
     ext = str->GetExternalAsciiStringResource();
     ^~~
/home/hadi/WebstormProjects/cyclon_node_test/node_modules/nan/nan.h:720:5: note: suggested alternative: ‘exit’
     ext = str->GetExternalAsciiStringResource();
     ^~~
     exit
/home/hadi/WebstormProjects/cyclon_node_test/node_modules/nan/nan.h:720:16: error: ‘class v8::String’ has no member named ‘GetExternalAsciiStringResource’; did you mean ‘GetExternalStringResource’?
     ext = str->GetExternalAsciiStringResource();
                ^~~~~~~~~~~~~~~~~~~~~~~~~~~~~~
                GetExternalStringResource
/home/hadi/WebstormProjects/cyclon_node_test/node_modules/nan/nan.h: In function ‘char* NanFromV8String(v8::Handle<v8::Value>, Nan::Encoding, size_t*, char*, size_t, int)’:
/home/hadi/WebstormProjects/cyclon_node_test/node_modules/nan/nan.h:769:15: error: ‘AsciiValue’ is not a member of ‘v8::String’
   v8::String::AsciiValue value(toStr);
               ^~~~~~~~~~
/home/hadi/WebstormProjects/cyclon_node_test/node_modules/nan/nan.h:832:39: error: ‘value’ was not declared in this scope
       sz_ = _nan_base64_decoded_size(*value, toStr->Length());
                                       ^~~~~
/home/hadi/WebstormProjects/cyclon_node_test/node_modules/nan/nan.h:832:39: note: suggested alternative: ‘valloc’
       sz_ = _nan_base64_decoded_size(*value, toStr->Length());
                                       ^~~~~
                                       valloc
../src/bufferutil.cc: In static member function ‘static void BufferUtil::Initialize(v8::Handle<v8::Object>)’:
../src/bufferutil.cc:27:58: error: no matching function for call to ‘v8::FunctionTemplate::New(void (&)(const v8::FunctionCallbackInfo<v8::Value>&))’
     Local<FunctionTemplate> t = FunctionTemplate::New(New);
                                                          ^
In file included from ../src/bufferutil.cc:7:
/home/hadi/.cache/node-gyp/10.16.0/include/node/v8.h:5644:34: note: candidate: ‘static v8::Local<v8::FunctionTemplate> v8::FunctionTemplate::New(v8::Isolate*, v8::FunctionCallback, v8::Local<v8::Value>, v8::Local<v8::Signature>, int, v8::ConstructorBehavior, v8::SideEffectType)’
   static Local<FunctionTemplate> New(
                                  ^~~
/home/hadi/.cache/node-gyp/10.16.0/include/node/v8.h:5644:34: note:   no known conversion for argument 1 from ‘void(const v8::FunctionCallbackInfo<v8::Value>&)’ to ‘v8::Isolate*’
../src/bufferutil.cc:29:52: error: call of overloaded ‘NODE_SET_METHOD(v8::Local<v8::FunctionTemplate>&, const char [7], void (&)(const v8::FunctionCallbackInfo<v8::Value>&))’ is ambiguous
     NODE_SET_METHOD(t, "unmask", BufferUtil::Unmask);
                                                    ^
In file included from ../src/bufferutil.cc:8:
/home/hadi/.cache/node-gyp/10.16.0/include/node/node.h:372:13: note: candidate: ‘void node::NODE_SET_METHOD(v8::Local<v8::Template>, const char*, v8::FunctionCallback)’
 inline void NODE_SET_METHOD(v8::Local<v8::Template> recv,
             ^~~~~~~~~~~~~~~
/home/hadi/.cache/node-gyp/10.16.0/include/node/node.h:386:13: note: candidate: ‘void node::NODE_SET_METHOD(v8::Local<v8::Object>, const char*, v8::FunctionCallback)’
 inline void NODE_SET_METHOD(v8::Local<v8::Object> recv,
             ^~~~~~~~~~~~~~~
../src/bufferutil.cc:30:48: error: call of overloaded ‘NODE_SET_METHOD(v8::Local<v8::FunctionTemplate>&, const char [5], void (&)(const v8::FunctionCallbackInfo<v8::Value>&))’ is ambiguous
     NODE_SET_METHOD(t, "mask", BufferUtil::Mask);
                                                ^
In file included from ../src/bufferutil.cc:8:
/home/hadi/.cache/node-gyp/10.16.0/include/node/node.h:372:13: note: candidate: ‘void node::NODE_SET_METHOD(v8::Local<v8::Template>, const char*, v8::FunctionCallback)’
 inline void NODE_SET_METHOD(v8::Local<v8::Template> recv,
             ^~~~~~~~~~~~~~~
/home/hadi/.cache/node-gyp/10.16.0/include/node/node.h:386:13: note: candidate: ‘void node::NODE_SET_METHOD(v8::Local<v8::Object>, const char*, v8::FunctionCallback)’
 inline void NODE_SET_METHOD(v8::Local<v8::Object> recv,
             ^~~~~~~~~~~~~~~
../src/bufferutil.cc:31:50: error: call of overloaded ‘NODE_SET_METHOD(v8::Local<v8::FunctionTemplate>&, const char [6], void (&)(const v8::FunctionCallbackInfo<v8::Value>&))’ is ambiguous
     NODE_SET_METHOD(t, "merge", BufferUtil::Merge);
                                                  ^
In file included from ../src/bufferutil.cc:8:
/home/hadi/.cache/node-gyp/10.16.0/include/node/node.h:372:13: note: candidate: ‘void node::NODE_SET_METHOD(v8::Local<v8::Template>, const char*, v8::FunctionCallback)’
 inline void NODE_SET_METHOD(v8::Local<v8::Template> recv,
             ^~~~~~~~~~~~~~~
/home/hadi/.cache/node-gyp/10.16.0/include/node/node.h:386:13: note: candidate: ‘void node::NODE_SET_METHOD(v8::Local<v8::Object>, const char*, v8::FunctionCallback)’
 inline void NODE_SET_METHOD(v8::Local<v8::Object> recv,
             ^~~~~~~~~~~~~~~
../src/bufferutil.cc:32:25: error: ‘NewSymbol’ is not a member of ‘v8::String’
     target->Set(String::NewSymbol("BufferUtil"), t->GetFunction());
                         ^~~~~~~~~
../src/bufferutil.cc: In static member function ‘static void BufferUtil::Merge(const v8::FunctionCallbackInfo<v8::Value>&)’:
../src/bufferutil.cc:48:49: warning: ‘v8::Local<v8::Object> v8::Value::ToObject() const’ is deprecated: Use maybe version [-Wdeprecated-declarations]
     Local<Object> bufferObj = args[0]->ToObject();
                                                 ^
In file included from ../src/bufferutil.cc:7:
/home/hadi/.cache/node-gyp/10.16.0/include/node/v8.h:10046:15: note: declared here
 Local<Object> Value::ToObject() const {
               ^~~~~
../src/bufferutil.cc:55:51: warning: ‘v8::Local<v8::Object> v8::Value::ToObject() const’ is deprecated: Use maybe version [-Wdeprecated-declarations]
       Local<Object> src = array->Get(i)->ToObject();
                                                   ^
In file included from ../src/bufferutil.cc:7:
/home/hadi/.cache/node-gyp/10.16.0/include/node/v8.h:10046:15: note: declared here
 Local<Object> Value::ToObject() const {
               ^~~~~
In file included from ../src/bufferutil.cc:15:
../src/bufferutil.cc:60:25: error: too few arguments to function ‘v8::Local<v8::Boolean> v8::True(v8::Isolate*)’
     NanReturnValue(True());
                         ^
/home/hadi/WebstormProjects/cyclon_node_test/node_modules/nan/nan.h:195:65: note: in definition of macro ‘NanReturnValue’
 # define NanReturnValue(value) return args.GetReturnValue().Set(value)
                                                                 ^~~~~
In file included from ../src/bufferutil.cc:7:
/home/hadi/.cache/node-gyp/10.16.0/include/node/v8.h:10439:16: note: declared here
 Local<Boolean> True(Isolate* isolate) {
                ^~~~
In file included from ../src/bufferutil.cc:15:
/home/hadi/WebstormProjects/cyclon_node_test/node_modules/nan/nan.h:195:70: error: return-statement with a value, in function returning ‘void’ [-fpermissive]
 # define NanReturnValue(value) return args.GetReturnValue().Set(value)
                                                                      ^
../src/bufferutil.cc:60:5: note: in expansion of macro ‘NanReturnValue’
     NanReturnValue(True());
     ^~~~~~~~~~~~~~
../src/bufferutil.cc: In static member function ‘static void BufferUtil::Unmask(const v8::FunctionCallbackInfo<v8::Value>&)’:
../src/bufferutil.cc:66:50: warning: ‘v8::Local<v8::Object> v8::Value::ToObject() const’ is deprecated: Use maybe version [-Wdeprecated-declarations]
     Local<Object> buffer_obj = args[0]->ToObject();
                                                  ^
In file included from ../src/bufferutil.cc:7:
/home/hadi/.cache/node-gyp/10.16.0/include/node/v8.h:10046:15: note: declared here
 Local<Object> Value::ToObject() const {
               ^~~~~
../src/bufferutil.cc:68:48: warning: ‘v8::Local<v8::Object> v8::Value::ToObject() const’ is deprecated: Use maybe version [-Wdeprecated-declarations]
     Local<Object> mask_obj = args[1]->ToObject();
                                                ^
In file included from ../src/bufferutil.cc:7:
/home/hadi/.cache/node-gyp/10.16.0/include/node/v8.h:10046:15: note: declared here
 Local<Object> Value::ToObject() const {
               ^~~~~
In file included from ../src/bufferutil.cc:15:
../src/bufferutil.cc:81:25: error: too few arguments to function ‘v8::Local<v8::Boolean> v8::True(v8::Isolate*)’
     NanReturnValue(True());
                         ^
/home/hadi/WebstormProjects/cyclon_node_test/node_modules/nan/nan.h:195:65: note: in definition of macro ‘NanReturnValue’
 # define NanReturnValue(value) return args.GetReturnValue().Set(value)
                                                                 ^~~~~
In file included from ../src/bufferutil.cc:7:
/home/hadi/.cache/node-gyp/10.16.0/include/node/v8.h:10439:16: note: declared here
 Local<Boolean> True(Isolate* isolate) {
                ^~~~
In file included from ../src/bufferutil.cc:15:
/home/hadi/WebstormProjects/cyclon_node_test/node_modules/nan/nan.h:195:70: error: return-statement with a value, in function returning ‘void’ [-fpermissive]
 # define NanReturnValue(value) return args.GetReturnValue().Set(value)
                                                                      ^
../src/bufferutil.cc:81:5: note: in expansion of macro ‘NanReturnValue’
     NanReturnValue(True());
     ^~~~~~~~~~~~~~
../src/bufferutil.cc: In static member function ‘static void BufferUtil::Mask(const v8::FunctionCallbackInfo<v8::Value>&)’:
../src/bufferutil.cc:87:50: warning: ‘v8::Local<v8::Object> v8::Value::ToObject() const’ is deprecated: Use maybe version [-Wdeprecated-declarations]
     Local<Object> buffer_obj = args[0]->ToObject();
                                                  ^
In file included from ../src/bufferutil.cc:7:
/home/hadi/.cache/node-gyp/10.16.0/include/node/v8.h:10046:15: note: declared here
 Local<Object> Value::ToObject() const {
               ^~~~~
../src/bufferutil.cc:88:48: warning: ‘v8::Local<v8::Object> v8::Value::ToObject() const’ is deprecated: Use maybe version [-Wdeprecated-declarations]
     Local<Object> mask_obj = args[1]->ToObject();
                                                ^
In file included from ../src/bufferutil.cc:7:
/home/hadi/.cache/node-gyp/10.16.0/include/node/v8.h:10046:15: note: declared here
 Local<Object> Value::ToObject() const {
               ^~~~~
../src/bufferutil.cc:90:50: warning: ‘v8::Local<v8::Object> v8::Value::ToObject() const’ is deprecated: Use maybe version [-Wdeprecated-declarations]
     Local<Object> output_obj = args[2]->ToObject();
                                                  ^
In file included from ../src/bufferutil.cc:7:
/home/hadi/.cache/node-gyp/10.16.0/include/node/v8.h:10046:15: note: declared here
 Local<Object> Value::ToObject() const {
               ^~~~~
../src/bufferutil.cc:91:51: warning: ‘int32_t v8::Value::Int32Value() const’ is deprecated: Use maybe version [-Wdeprecated-declarations]
     unsigned int dataOffset = args[3]->Int32Value();
                                                   ^
In file included from /home/hadi/.cache/node-gyp/10.16.0/include/node/v8.h:26,
                 from ../src/bufferutil.cc:7:
/home/hadi/.cache/node-gyp/10.16.0/include/node/v8.h:2478:46: note: declared here
   V8_DEPRECATED("Use maybe version", int32_t Int32Value() const);
                                              ^~~~~~~~~~
/home/hadi/.cache/node-gyp/10.16.0/include/node/v8config.h:324:3: note: in definition of macro ‘V8_DEPRECATED’
   declarator __attribute__((deprecated(message)))
   ^~~~~~~~~~
../src/bufferutil.cc:92:47: warning: ‘int32_t v8::Value::Int32Value() const’ is deprecated: Use maybe version [-Wdeprecated-declarations]
     unsigned int length = args[4]->Int32Value();
                                               ^
In file included from /home/hadi/.cache/node-gyp/10.16.0/include/node/v8.h:26,
                 from ../src/bufferutil.cc:7:
/home/hadi/.cache/node-gyp/10.16.0/include/node/v8.h:2478:46: note: declared here
   V8_DEPRECATED("Use maybe version", int32_t Int32Value() const);
                                              ^~~~~~~~~~
/home/hadi/.cache/node-gyp/10.16.0/include/node/v8config.h:324:3: note: in definition of macro ‘V8_DEPRECATED’
   declarator __attribute__((deprecated(message)))
   ^~~~~~~~~~
In file included from ../src/bufferutil.cc:15:
../src/bufferutil.cc:106:25: error: too few arguments to function ‘v8::Local<v8::Boolean> v8::True(v8::Isolate*)’
     NanReturnValue(True());
                         ^
/home/hadi/WebstormProjects/cyclon_node_test/node_modules/nan/nan.h:195:65: note: in definition of macro ‘NanReturnValue’
 # define NanReturnValue(value) return args.GetReturnValue().Set(value)
                                                                 ^~~~~
In file included from ../src/bufferutil.cc:7:
/home/hadi/.cache/node-gyp/10.16.0/include/node/v8.h:10439:16: note: declared here
 Local<Boolean> True(Isolate* isolate) {
                ^~~~
In file included from ../src/bufferutil.cc:15:
/home/hadi/WebstormProjects/cyclon_node_test/node_modules/nan/nan.h:195:70: error: return-statement with a value, in function returning ‘void’ [-fpermissive]
 # define NanReturnValue(value) return args.GetReturnValue().Set(value)
                                                                      ^
../src/bufferutil.cc:106:5: note: in expansion of macro ‘NanReturnValue’
     NanReturnValue(True());
     ^~~~~~~~~~~~~~
In file included from ../src/bufferutil.cc:8:
../src/bufferutil.cc: At global scope:
/home/hadi/.cache/node-gyp/10.16.0/include/node/node.h:573:43: warning: cast between incompatible function types from ‘void (*)(v8::Handle<v8::Object>)’ {aka ‘void (*)(v8::Local<v8::Object>)’} to ‘node::addon_register_func’ {aka ‘void (*)(v8::Local<v8::Object>, v8::Local<v8::Value>, void*)’} [-Wcast-function-type]
       (node::addon_register_func) (regfunc),                          \
                                           ^
/home/hadi/.cache/node-gyp/10.16.0/include/node/node.h:607:3: note: in expansion of macro ‘NODE_MODULE_X’
   NODE_MODULE_X(modname, regfunc, NULL, 0)  // NOLINT (readability/null_usage)
   ^~~~~~~~~~~~~
../src/bufferutil.cc:116:1: note: in expansion of macro ‘NODE_MODULE’
 NODE_MODULE(bufferutil, init)
 ^~~~~~~~~~~
In file included from ../src/bufferutil.cc:7:
/home/hadi/.cache/node-gyp/10.16.0/include/node/v8.h: In instantiation of ‘void v8::PersistentBase<T>::SetWeak(P*, typename v8::WeakCallbackInfo<P>::Callback, v8::WeakCallbackType) [with P = node::ObjectWrap; T = v8::Object; typename v8::WeakCallbackInfo<P>::Callback = void (*)(const v8::WeakCallbackInfo<node::ObjectWrap>&)]’:
/home/hadi/.cache/node-gyp/10.16.0/include/node/node_object_wrap.h:84:78:   required from here
/home/hadi/.cache/node-gyp/10.16.0/include/node/v8.h:9502:16: warning: cast between incompatible function types from ‘v8::WeakCallbackInfo<node::ObjectWrap>::Callback’ {aka ‘void (*)(const v8::WeakCallbackInfo<node::ObjectWrap>&)’} to ‘Callback’ {aka ‘void (*)(const v8::WeakCallbackInfo<void>&)’} [-Wcast-function-type]
                reinterpret_cast<Callback>(callback), type);
                ^~~~~~~~~~~~~~~~~~~~~~~~~~~~~~~~~~~~
In file included from ../src/bufferutil.cc:15:
/home/hadi/WebstormProjects/cyclon_node_test/node_modules/nan/nan.h: In instantiation of ‘void NanDispose(v8::Persistent<T, v8::NonCopyablePersistentTraits<T> >&) [with T = v8::Object]’:
/home/hadi/WebstormProjects/cyclon_node_test/node_modules/nan/nan.h:498:34:   required from here
/home/hadi/WebstormProjects/cyclon_node_test/node_modules/nan/nan.h:237:12: error: ‘class v8::Persistent<v8::Object>’ has no member named ‘Dispose’
     handle.Dispose(nan_isolate);
     ~~~~~~~^~~~~~~
/home/hadi/WebstormProjects/cyclon_node_test/node_modules/nan/nan.h:238:12: error: ‘class v8::Persistent<v8::Object>’ has no member named ‘Clear’
     handle.Clear();
     ~~~~~~~^~~~~
make: *** [bufferutil.target.mk:103: Release/obj.target/bufferutil/src/bufferutil.o] Error 1
gyp ERR! build error 
gyp ERR! stack Error: `make` failed with exit code: 2
gyp ERR! stack     at ChildProcess.onExit (/usr/local/lib/node_modules/npm/node_modules/node-gyp/lib/build.js:196:23)
gyp ERR! stack     at ChildProcess.emit (events.js:198:13)
gyp ERR! stack     at Process.ChildProcess._handle.onexit (internal/child_process.js:248:12)
gyp ERR! System Linux 5.0.0-23-generic
gyp ERR! command "/usr/local/bin/node" "/usr/local/lib/node_modules/npm/node_modules/node-gyp/bin/node-gyp.js" "rebuild"
gyp ERR! cwd /home/hadi/WebstormProjects/cyclon_node_test/node_modules/ws
gyp ERR! node -v v10.16.0
gyp ERR! node-gyp -v v5.0.3
gyp ERR! not ok 
